 ** Message System Log
 ** Database: 
 ** Date:   Fri Jul 29 19:20:05 2022


****************
Macro Parameters
****************

Name                            : INTERRUPT_DISABLE_OR
Family                          : PA3LC
Output Format                   : VERILOG
Type                            : OR(Nor)
Nb of Inputs                    : 2
Result                          : Active High

**************
Compile Report
**************


Netlist Resource Report
=======================

    CORE                       Used:      1  Total:   3072   (0.03%)
    IO (W/ clocks)             Used:      0  Total:    100   (0.00%)
    GLOBAL (Chip+Quadrant)     Used:      0  Total:     18   (0.00%)
    PLL                        Used:      0  Total:      1   (0.00%)
    RAM/FIFO                   Used:      0  Total:      8   (0.00%)
    Low Static ICC             Used:      0  Total:      1   (0.00%)
    FlashROM                   Used:      0  Total:      1   (0.00%)
    User JTAG                  Used:      0  Total:      1   (0.00%)

Wrote Verilog netlist to C:/Users/micha/SynologyDrive/Engineering/Projects/CHESS OBC/SoC/LiberoProjects/Clyde/Clyde/smartgen\INTERRUPT_DISABLE_OR\INTERRUPT_DISABLE_OR.v.

 ** Log Ended:   Fri Jul 29 19:20:06 2022

