 ** Message System Log
 ** Database: 
 ** Date:   Sat Jul 16 17:01:08 2022


****************
Macro Parameters
****************

Name                            : OR_15bit
Family                          : PA3LC
Output Format                   : VERILOG
Type                            : OR(Nor)
Nb of Inputs                    : 16
Result                          : Active High

**************
Compile Report
**************


Netlist Resource Report
=======================

    CORE                       Used:      8  Total:   3072   (0.26%)
    IO (W/ clocks)             Used:      0  Total:    100   (0.00%)
    GLOBAL (Chip+Quadrant)     Used:      0  Total:     18   (0.00%)
    PLL                        Used:      0  Total:      1   (0.00%)
    RAM/FIFO                   Used:      0  Total:      8   (0.00%)
    Low Static ICC             Used:      0  Total:      1   (0.00%)
    FlashROM                   Used:      0  Total:      1   (0.00%)
    User JTAG                  Used:      0  Total:      1   (0.00%)

Wrote Verilog netlist to C:/Users/micha/SynologyDrive/Engineering/Projects/CHESS OBC/SoC/LiberoProjects/Clyde/Clyde/smartgen\OR_15bit\OR_15bit.v.

 ** Log Ended:   Sat Jul 16 17:01:08 2022

