Target Part: A3P125_TQFP144_STD
Report for cell Minimal_SoC.verilog
  Core Cell usage:
              cell count     area count*area
              AND2    62      1.0       62.0
              AND3    18      1.0       18.0
               AO1   153      1.0      153.0
              AO12     3      1.0        3.0
              AO15     3      1.0        3.0
              AO16     4      1.0        4.0
              AO18     2      1.0        2.0
              AO1A    22      1.0       22.0
              AO1B     6      1.0        6.0
              AO1C     7      1.0        7.0
              AO1D     2      1.0        2.0
              AOI1    15      1.0       15.0
             AOI1B     6      1.0        6.0
               AX1    22      1.0       22.0
              AX1A     3      1.0        3.0
              AX1B     3      1.0        3.0
              AX1C     9      1.0        9.0
              AX1D    20      1.0       20.0
              AXO5     1      1.0        1.0
              AXO7     2      1.0        2.0
             AXOI1     1      1.0        1.0
             AXOI4     6      1.0        6.0
             AXOI5     3      1.0        3.0
              BUFF     1      1.0        1.0
            CLKINT     1      0.0        0.0
               GND    27      0.0        0.0
               INV    27      1.0       27.0
              MAJ3     8      1.0        8.0
             MAJ3X     1      1.0        1.0
              MIN3     1      1.0        1.0
             MIN3X     1      1.0        1.0
               MX2   270      1.0      270.0
              MX2A    75      1.0       75.0
              MX2B    12      1.0       12.0
              MX2C    41      1.0       41.0
              NOR2    75      1.0       75.0
             NOR2A   243      1.0      243.0
             NOR2B   287      1.0      287.0
              NOR3    25      1.0       25.0
             NOR3A   112      1.0      112.0
             NOR3B    69      1.0       69.0
             NOR3C   119      1.0      119.0
               OA1    25      1.0       25.0
              OA1A    17      1.0       17.0
              OA1B    14      1.0       14.0
              OA1C    18      1.0       18.0
              OAI1     2      1.0        2.0
               OR2    94      1.0       94.0
              OR2A    18      1.0       18.0
              OR2B    10      1.0       10.0
               OR3    88      1.0       88.0
              OR3A     6      1.0        6.0
              OR3B     3      1.0        3.0
              OR3C     4      1.0        4.0
               PLL     1      0.0        0.0
            PLLINT     1      0.0        0.0
               VCC    27      0.0        0.0
               XA1    16      1.0       16.0
              XA1A     1      1.0        1.0
              XA1B    31      1.0       31.0
              XA1C     5      1.0        5.0
             XAI1A     3      1.0        3.0
             XNOR2    19      1.0       19.0
               XO1     5      1.0        5.0
              XOR2   127      1.0      127.0
              XOR3    11      1.0       11.0


          DFI1E0P0     1      1.0        1.0
              DFN1    42      1.0       42.0
            DFN1C0   148      1.0      148.0
            DFN1C1     4      1.0        4.0
          DFN1E0C0    36      1.0       36.0
          DFN1E0C1     4      1.0        4.0
          DFN1E0P0     2      1.0        2.0
            DFN1E1    40      1.0       40.0
          DFN1E1C0   169      1.0      169.0
          DFN1E1C1    12      1.0       12.0
          DFN1E1P0    79      1.0       79.0
          DFN1E1P1     1      1.0        1.0
            DFN1P0    33      1.0       33.0
          FIFO4K18     2      0.0        0.0
         RAM512X18     1      0.0        0.0
                   -----          ----------
             TOTAL  2888              2828.0


  IO Cell usage:
              cell count
             BIBUF     2
             INBUF     6
            OUTBUF     5
                   -----
             TOTAL    13


Core Cells         : 2828 of 3072 (92%)
IO Cells           : 13

  RAM/ROM Usage Summary
Block Rams : 3 of 8 (37%)

